2024-04-12 18:46:33,683 [MainThread  ] [INFO] Requesting URL: https://www.google.com/
2024-04-12 18:46:35,201 [MainThread  ] [INFO] Stats: start=0, num=100, total_valid_links_found=0 / max_search_result_urls_to_return=20
2024-04-12 18:46:35,201 [MainThread  ] [INFO] Requesting URL: https://www.google.com/search?hl=en&lr=lang_en&q=site%3Abaidu.com&num=100&btnG=Google+Search&tbs=li:1&safe=off&cr=&filter=0
2024-04-12 18:46:36,680 [MainThread  ] [INFO] Found unique URL #1: https://create.baidu.com/
2024-04-12 18:46:36,680 [MainThread  ] [INFO] Found unique URL #2: https://comate.baidu.com/
2024-04-12 18:46:36,680 [MainThread  ] [INFO] Found unique URL #3: https://comate.baidu.com/readme
2024-04-12 18:46:36,680 [MainThread  ] [INFO] Found unique URL #4: https://comate.baidu.com/pricing
2024-04-12 18:46:36,692 [MainThread  ] [INFO] Found unique URL #5: https://comate.baidu.com/cop/configSet/list
2024-04-12 18:46:36,692 [MainThread  ] [INFO] Found unique URL #6: https://comate.baidu.com/zh/download
2024-04-12 18:46:36,692 [MainThread  ] [INFO] Found unique URL #7: https://echarts.baidu.com/echarts2/
2024-04-12 18:46:36,692 [MainThread  ] [INFO] Found unique URL #8: https://echarts.apache.org/examples/en/index.html
2024-04-12 18:46:36,692 [MainThread  ] [INFO] Found unique URL #9: https://echarts.apache.org/option.html
2024-04-12 18:46:36,692 [MainThread  ] [INFO] Found unique URL #10: https://echarts.apache.org/api.html
2024-04-12 18:46:36,692 [MainThread  ] [INFO] Found unique URL #11: https://echarts.apache.org/en/feature.html
2024-04-12 18:46:36,692 [MainThread  ] [INFO] Found unique URL #12: https://nlp.baidu.com/acl2022/
2024-04-12 18:46:36,692 [MainThread  ] [INFO] Found unique URL #13: https://echarts.baidu.com/gallery/
2024-04-12 18:46:36,692 [MainThread  ] [INFO] Duplicate URL found: https://echarts.apache.org/api.html
2024-04-12 18:46:36,692 [MainThread  ] [INFO] Found unique URL #14: https://echarts.apache.org/examples/en/editor.html
2024-04-12 18:46:36,692 [MainThread  ] [INFO] Duplicate URL found: https://echarts.apache.org/en/feature.html
2024-04-12 18:46:36,692 [MainThread  ] [INFO] Found unique URL #15: https://echarts.apache.org/v4/examples/
2024-04-12 18:46:36,692 [MainThread  ] [INFO] Found unique URL #16: https://did.baidu.com/
2024-04-12 18:46:36,692 [MainThread  ] [INFO] Found unique URL #17: https://cloud.baidu.com/article/2957748
2024-04-12 18:46:36,692 [MainThread  ] [INFO] Found unique URL #18: https://cloud.baidu.com/article/2955772
2024-04-12 18:46:36,692 [MainThread  ] [INFO] Found unique URL #19: https://cloud.baidu.com/article/2996538
2024-04-12 18:46:36,692 [MainThread  ] [INFO] Found unique URL #20: https://cloud.baidu.com/article/3243954
2024-04-12 18:47:22,099 [MainThread  ] [INFO] Requesting URL: https://www.google.com/
2024-04-12 18:47:23,060 [MainThread  ] [INFO] Stats: start=0, num=100, total_valid_links_found=0 / max_search_result_urls_to_return=20
2024-04-12 18:47:23,060 [MainThread  ] [INFO] Requesting URL: https://www.google.com/search?hl=en&lr=lang_en&q=site%3Aqq.com&num=100&btnG=Google+Search&tbs=li:1&safe=off&cr=&filter=0
2024-04-12 18:47:25,248 [MainThread  ] [INFO] Found unique URL #1: https://snip.qq.com/
2024-04-12 18:47:25,248 [MainThread  ] [INFO] Found unique URL #2: https://pc.weixin.qq.com/
2024-04-12 18:47:25,248 [MainThread  ] [INFO] Found unique URL #3: https://game.qq.com/privacy_guide_en.shtml
2024-04-12 18:47:25,248 [MainThread  ] [INFO] Found unique URL #4: https://wetv.qq.com/
2024-04-12 18:47:25,248 [MainThread  ] [INFO] Found unique URL #5: https://apkpecker.qq.com/
2024-04-12 18:47:25,254 [MainThread  ] [INFO] Found unique URL #6: https://weread.qq.com/web/bookDetail/6c632420718ff5d76c6bd79
2024-04-12 18:47:25,254 [MainThread  ] [INFO] Found unique URL #7: https://new.qq.com/rain/a/20221114A049RM00
2024-04-12 18:47:25,254 [MainThread  ] [INFO] Found unique URL #8: https://yd.qq.com/web/bookDetail/1a832f90723002761a8ca60
2024-04-12 18:47:25,254 [MainThread  ] [INFO] Found unique URL #9: https://yd.qq.com/web/bookDetail/61132160811e6a137g010647
2024-04-12 18:47:25,254 [MainThread  ] [INFO] Found unique URL #10: https://new.qq.com/rain/a/20230410A03X6A00
2024-04-12 18:47:25,254 [MainThread  ] [INFO] Found unique URL #11: https://new.qq.com/rain/a/20220810A0521U00
2024-04-12 18:47:25,254 [MainThread  ] [INFO] Found unique URL #12: https://new.qq.com/rain/a/20230326A0310400
2024-04-12 18:47:25,254 [MainThread  ] [INFO] Found unique URL #13: https://new.qq.com/rain/a/20231103A04J0E00
2024-04-12 18:47:25,254 [MainThread  ] [INFO] Found unique URL #14: https://new.qq.com/rain/a/20240409A0307D00
2024-04-12 18:47:25,254 [MainThread  ] [INFO] Found unique URL #15: http://game.qq.com/hr/
2024-04-12 18:47:25,254 [MainThread  ] [INFO] Found unique URL #16: https://new.qq.com/rain/a/20230312A05TDF00
2024-04-12 18:47:25,254 [MainThread  ] [INFO] Found unique URL #17: https://new.qq.com/rain/a/20230412A0AEEY00
2024-04-12 18:47:25,254 [MainThread  ] [INFO] Found unique URL #18: https://yd.qq.com/web/bookDetail/6c332040811e3acb9g011d3d
2024-04-12 18:47:25,256 [MainThread  ] [INFO] Found unique URL #19: https://weread.qq.com/web/bookDetail/fbd32d10811e1c913g013b0e
2024-04-12 18:47:25,256 [MainThread  ] [INFO] Found unique URL #20: https://open.qq.com/eng/
2024-04-12 18:48:49,005 [MainThread  ] [INFO] Requesting URL: https://www.google.com/
2024-04-12 18:48:52,610 [MainThread  ] [INFO] Stats: start=0, num=100, total_valid_links_found=0 / max_search_result_urls_to_return=10
2024-04-12 18:48:52,610 [MainThread  ] [INFO] Requesting URL: https://www.google.com/search?hl=en&lr=lang_en&q=site%3Aqq.com&num=100&btnG=Google+Search&tbs=li:1&safe=off&cr=&filter=0
2024-04-12 18:48:53,902 [MainThread  ] [INFO] Found unique URL #1: https://snip.qq.com/
2024-04-12 18:48:53,902 [MainThread  ] [INFO] Found unique URL #2: https://pc.weixin.qq.com/
2024-04-12 18:48:53,902 [MainThread  ] [INFO] Found unique URL #3: https://game.qq.com/privacy_guide_en.shtml
2024-04-12 18:48:53,906 [MainThread  ] [INFO] Found unique URL #4: https://wetv.qq.com/
2024-04-12 18:48:53,906 [MainThread  ] [INFO] Found unique URL #5: https://apkpecker.qq.com/
2024-04-12 18:48:53,906 [MainThread  ] [INFO] Found unique URL #6: https://weread.qq.com/web/bookDetail/6c632420718ff5d76c6bd79
2024-04-12 18:48:53,906 [MainThread  ] [INFO] Found unique URL #7: https://new.qq.com/rain/a/20221114A049RM00
2024-04-12 18:48:53,906 [MainThread  ] [INFO] Found unique URL #8: https://yd.qq.com/web/bookDetail/1a832f90723002761a8ca60
2024-04-12 18:48:53,906 [MainThread  ] [INFO] Found unique URL #9: https://yd.qq.com/web/bookDetail/61132160811e6a137g010647
2024-04-12 18:48:53,906 [MainThread  ] [INFO] Found unique URL #10: https://new.qq.com/rain/a/20230410A03X6A00
2024-04-12 18:51:00,556 [MainThread  ] [INFO] Requesting URL: https://www.google.com/
2024-04-12 18:51:04,082 [MainThread  ] [INFO] Stats: start=0, num=100, total_valid_links_found=0 / max_search_result_urls_to_return=20
2024-04-12 18:51:04,082 [MainThread  ] [INFO] Requesting URL: https://www.google.com/search?hl=en&lr=lang_en&q=inurl%3Aphp%3Fid%3D&num=100&btnG=Google+Search&tbs=li:1&safe=off&cr=&filter=0
2024-04-12 18:51:10,540 [MainThread  ] [INFO] Found unique URL #1: https://www.php.net/manual/en/function.spl-object-id.php
2024-04-12 18:51:10,540 [MainThread  ] [INFO] Found unique URL #2: https://www.php.net/manual/en/function.uniqid.php
2024-04-12 18:51:10,540 [MainThread  ] [INFO] Found unique URL #3: https://stackoverflow.com/questions/61934145/php-id-with-counter-and-save-file
2024-04-12 18:51:10,540 [MainThread  ] [INFO] Found unique URL #4: http://www.eufores.org/index.php?id=131
2024-04-12 18:51:10,540 [MainThread  ] [INFO] Found unique URL #5: https://stackoverflow.com/questions/37575656/php-passing-id-in-href
2024-04-12 18:51:10,548 [MainThread  ] [INFO] Found unique URL #6: https://www.w3schools.com/php/php_mysql_insert_lastid.asp
2024-04-12 18:51:10,548 [MainThread  ] [INFO] Found unique URL #7: https://www.php.net/manual/en/mysqli.insert-id.php
2024-04-12 18:51:10,548 [MainThread  ] [INFO] Found unique URL #8: https://www.unix.com/shell-programming-and-scripting/10649-php-page-php-id.html
2024-04-12 18:51:10,548 [MainThread  ] [INFO] Found unique URL #9: https://dyozone.com/php-id-1/
2024-04-12 18:51:10,548 [MainThread  ] [INFO] Found unique URL #10: https://www.eia.gov/tools/faqs/faq.php?id=427&t=3
2024-04-12 18:51:10,548 [MainThread  ] [INFO] Found unique URL #11: http://orientdb.com/docs/3.0.x/php/PHP-ID.html
2024-04-12 18:51:10,548 [MainThread  ] [INFO] Found unique URL #12: https://download.respondus.com/lockdown/download.php?id=916432331
2024-04-12 18:51:10,548 [MainThread  ] [INFO] Found unique URL #13: https://moodle.org/mod/forum/discuss.php?d=69595
2024-04-12 18:51:10,548 [MainThread  ] [INFO] Found unique URL #14: https://www.php.net/manual/en/language.types.array.php
2024-04-12 18:51:10,548 [MainThread  ] [INFO] Found unique URL #15: https://hashcat.net/wiki/doku.php?id=example_hashes
2024-04-12 18:51:10,548 [MainThread  ] [INFO] Found unique URL #16: https://health.ri.gov/licenses/detail.php?id=231
2024-04-12 18:51:10,548 [MainThread  ] [INFO] Found unique URL #17: http://berkeleyrecycling.org/page.php?id=1
2024-04-12 18:51:10,548 [MainThread  ] [INFO] Found unique URL #18: https://www.sitepoint.com/community/t/edit-php-id-1-help/82588
2024-04-12 18:51:10,548 [MainThread  ] [INFO] Found unique URL #19: http://www.respondus.com/lockdown/download.php?id=246245092
2024-04-12 18:51:10,548 [MainThread  ] [INFO] Found unique URL #20: http://www.dysautonomiainternational.org/page.php?ID=30
2024-04-12 18:51:26,018 [MainThread  ] [INFO] Requesting URL: https://www.google.com/
2024-04-12 18:51:28,341 [MainThread  ] [INFO] Stats: start=0, num=100, total_valid_links_found=0 / max_search_result_urls_to_return=20
2024-04-12 18:51:28,341 [MainThread  ] [INFO] Requesting URL: https://www.google.com/search?hl=en&lr=lang_en&q=inurl%3Aphp%3Fid%3D&num=100&btnG=Google+Search&tbs=li:1&safe=off&cr=&filter=0
2024-04-12 18:51:32,834 [MainThread  ] [INFO] Found unique URL #1: https://www.php.net/manual/en/function.spl-object-id.php
2024-04-12 18:51:32,834 [MainThread  ] [INFO] Found unique URL #2: https://www.php.net/manual/en/language.operators.comparison.php
2024-04-12 18:51:32,834 [MainThread  ] [INFO] Found unique URL #3: https://stackoverflow.com/questions/37575656/php-passing-id-in-href
2024-04-12 18:51:32,834 [MainThread  ] [INFO] Found unique URL #4: https://www.php.net/manual/en/function.uniqid.php
2024-04-12 18:51:32,839 [MainThread  ] [INFO] Found unique URL #5: https://stackoverflow.com/questions/61934145/php-id-with-counter-and-save-file
2024-04-12 18:51:32,839 [MainThread  ] [INFO] Found unique URL #6: http://www.eufores.org/index.php?id=131
2024-04-12 18:51:32,839 [MainThread  ] [INFO] Found unique URL #7: http://orientdb.com/docs/3.0.x/php/PHP-ID.html
2024-04-12 18:51:32,839 [MainThread  ] [INFO] Found unique URL #8: https://www.unix.com/shell-programming-and-scripting/10649-php-page-php-id.html
2024-04-12 18:51:32,839 [MainThread  ] [INFO] Found unique URL #9: https://www.w3schools.com/php/php_mysql_insert_lastid.asp
2024-04-12 18:51:32,839 [MainThread  ] [INFO] Found unique URL #10: https://www.php.net/manual/en/functions.arrow.php
2024-04-12 18:51:32,839 [MainThread  ] [INFO] Found unique URL #11: http://berkeleyrecycling.org/page.php?id=1
2024-04-12 18:51:32,839 [MainThread  ] [INFO] Found unique URL #12: https://www.w3schools.com/php/func_filter_id.asp
2024-04-12 18:51:32,839 [MainThread  ] [INFO] Found unique URL #13: https://moodle.org/mod/forum/discuss.php?d=69595
2024-04-12 18:51:32,839 [MainThread  ] [INFO] Found unique URL #14: https://www.php.net/manual/en/function.filter-id.php
2024-04-12 18:51:32,839 [MainThread  ] [INFO] Found unique URL #15: https://www.dmvusa.com/statelink.php?id=894
2024-04-12 18:51:32,839 [MainThread  ] [INFO] Found unique URL #16: https://dexter.broadcastgenius.com/lt.php?s=9d91cb7aa4d312aa079173f51c000dfd&i=577A599A2A11491
2024-04-12 18:51:32,839 [MainThread  ] [INFO] Found unique URL #17: http://php.about.com/od/security/p/unique_id.htm
2024-04-12 18:51:32,839 [MainThread  ] [INFO] Found unique URL #18: https://health.ri.gov/licenses/detail.php?id=231
2024-04-12 18:51:32,839 [MainThread  ] [INFO] Found unique URL #19: https://download.respondus.com/lockdown/download.php?id=165715487
2024-04-12 18:51:32,839 [MainThread  ] [INFO] Found unique URL #20: https://www.php.net/manual/en/mysqli.insert-id.php
2024-04-12 18:52:35,121 [MainThread  ] [INFO] Requesting URL: https://www.google.com/
2024-04-12 18:52:36,883 [MainThread  ] [INFO] Stats: start=0, num=100, total_valid_links_found=0 / max_search_result_urls_to_return=20
2024-04-12 18:52:36,883 [MainThread  ] [INFO] Requesting URL: https://www.google.com/search?hl=en&lr=lang_en&q=site%3Abaidu.com&num=100&btnG=Google+Search&tbs=li:1&safe=off&cr=&filter=0
2024-04-12 18:52:38,067 [MainThread  ] [INFO] Found unique URL #1: https://echarts.baidu.com/echarts2/
2024-04-12 18:52:38,067 [MainThread  ] [INFO] Found unique URL #2: https://nlp.baidu.com/acl2022/
2024-04-12 18:52:38,067 [MainThread  ] [INFO] Found unique URL #3: https://echarts.baidu.com/gallery/
2024-04-12 18:52:38,067 [MainThread  ] [INFO] Found unique URL #4: https://did.baidu.com/
2024-04-12 18:52:38,069 [MainThread  ] [INFO] Found unique URL #5: https://cloud.baidu.com/article/2957748
2024-04-12 18:52:38,069 [MainThread  ] [INFO] Found unique URL #6: https://cloud.baidu.com/article/2955772
2024-04-12 18:52:38,069 [MainThread  ] [INFO] Found unique URL #7: https://cloud.baidu.com/article/2996538
2024-04-12 18:52:38,069 [MainThread  ] [INFO] Found unique URL #8: https://cloud.baidu.com/article/3243954
2024-04-12 18:52:38,069 [MainThread  ] [INFO] Found unique URL #9: https://cloud.baidu.com/article/3261942
2024-04-12 18:52:38,069 [MainThread  ] [INFO] Found unique URL #10: https://cloud.baidu.com/article/3311310
2024-04-12 18:52:38,069 [MainThread  ] [INFO] Found unique URL #11: https://cloud.baidu.com/article/3266977
2024-04-12 18:52:38,069 [MainThread  ] [INFO] Found unique URL #12: https://cloud.baidu.com/article/3303567
2024-04-12 18:52:38,069 [MainThread  ] [INFO] Found unique URL #13: https://cloud.baidu.com/article/3265569
2024-04-12 18:52:38,069 [MainThread  ] [INFO] Found unique URL #14: https://cloud.baidu.com/article/3243971
2024-04-12 18:52:38,069 [MainThread  ] [INFO] Found unique URL #15: https://cloud.baidu.com/article/3294155
2024-04-12 18:52:38,069 [MainThread  ] [INFO] Found unique URL #16: https://cloud.baidu.com/article/1426931
2024-04-12 18:52:38,069 [MainThread  ] [INFO] Found unique URL #17: https://cloud.baidu.com/article/3311561
2024-04-12 18:52:38,071 [MainThread  ] [INFO] Found unique URL #18: https://cloud.baidu.com/article/3256291
2024-04-12 18:52:38,071 [MainThread  ] [INFO] Found unique URL #19: https://cloud.baidu.com/article/3305008
2024-04-12 18:52:38,071 [MainThread  ] [INFO] Found unique URL #20: https://aistudio.baidu.com/projectdetail/5003396
2024-04-12 18:53:35,479 [MainThread  ] [INFO] Requesting URL: https://www.google.com/
2024-04-12 18:53:36,868 [MainThread  ] [INFO] Stats: start=0, num=100, total_valid_links_found=0 / max_search_result_urls_to_return=20
2024-04-12 18:53:36,868 [MainThread  ] [INFO] Requesting URL: https://www.google.com/search?hl=en&lr=lang_en&q=inurl%3Aphp%3Fid%3D&num=100&btnG=Google+Search&tbs=li:1&safe=off&cr=&filter=0
2024-04-12 18:53:47,750 [MainThread  ] [INFO] Found unique URL #1: https://www.php.net/manual/en/function.spl-object-id.php
2024-04-12 18:53:47,750 [MainThread  ] [INFO] Found unique URL #2: https://www.php.net/manual/en/function.uniqid.php
2024-04-12 18:53:47,750 [MainThread  ] [INFO] Found unique URL #3: https://stackoverflow.com/questions/61934145/php-id-with-counter-and-save-file
2024-04-12 18:53:47,750 [MainThread  ] [INFO] Found unique URL #4: http://www.eufores.org/index.php?id=131
2024-04-12 18:53:47,754 [MainThread  ] [INFO] Found unique URL #5: https://stackoverflow.com/questions/37575656/php-passing-id-in-href
2024-04-12 18:53:47,754 [MainThread  ] [INFO] Found unique URL #6: https://www.php.net/manual/en/language.operators.comparison.php
2024-04-12 18:53:47,754 [MainThread  ] [INFO] Found unique URL #7: https://www.w3schools.com/php/php_mysql_insert_lastid.asp
2024-04-12 18:53:47,754 [MainThread  ] [INFO] Found unique URL #8: https://dyozone.com/php-id-1/
2024-04-12 18:53:47,754 [MainThread  ] [INFO] Found unique URL #9: https://www.unix.com/shell-programming-and-scripting/10649-php-page-php-id.html
2024-04-12 18:53:47,754 [MainThread  ] [INFO] Found unique URL #10: http://orientdb.com/docs/3.0.x/php/PHP-ID.html
2024-04-12 18:53:47,754 [MainThread  ] [INFO] Found unique URL #11: https://www.php.net/manual/en/mysqli.insert-id.php
2024-04-12 18:53:47,754 [MainThread  ] [INFO] Found unique URL #12: https://moodle.org/mod/forum/discuss.php?d=69595
2024-04-12 18:53:47,754 [MainThread  ] [INFO] Found unique URL #13: http://berkeleyrecycling.org/page.php?id=1
2024-04-12 18:53:47,754 [MainThread  ] [INFO] Found unique URL #14: http://www.avrdc.org/index.php?id=1
2024-04-12 18:53:47,756 [MainThread  ] [INFO] Found unique URL #15: https://hashcat.net/wiki/doku.php?id=example_hashes
2024-04-12 18:53:47,756 [MainThread  ] [INFO] Found unique URL #16: https://github.com/idanalyzer/id-analyzer-php-sdk
2024-04-12 18:53:47,756 [MainThread  ] [INFO] Found unique URL #17: https://security.stackexchange.com/questions/230383/how-to-find-php-filename-and-id-of-the-url
2024-04-12 18:53:47,756 [MainThread  ] [INFO] Found unique URL #18: https://www.sitepoint.com/community/t/edit-php-id-1-help/82588
2024-04-12 18:53:47,756 [MainThread  ] [INFO] Found unique URL #19: https://health.ri.gov/licenses/detail.php?id=231
2024-04-12 18:53:47,756 [MainThread  ] [INFO] Found unique URL #20: https://www.respondus.com/lockdown/download.php?id=163415257
2024-04-12 18:54:28,161 [MainThread  ] [INFO] Requesting URL: https://www.google.com/
2024-04-12 18:54:29,958 [MainThread  ] [INFO] Stats: start=0, num=100, total_valid_links_found=0 / max_search_result_urls_to_return=20
2024-04-12 18:54:29,958 [MainThread  ] [INFO] Requesting URL: https://www.google.com/search?hl=en&lr=lang_en&q=intitle%3ALogin&num=100&btnG=Google+Search&tbs=li:1&safe=off&cr=&filter=0
2024-04-12 18:54:36,982 [MainThread  ] [INFO] Found unique URL #1: https://www.login.gov/
2024-04-12 18:54:36,983 [MainThread  ] [INFO] Found unique URL #2: https://www.login.gov/contact/
2024-04-12 18:54:36,983 [MainThread  ] [INFO] Found unique URL #3: https://secure.login.gov/
2024-04-12 18:54:36,983 [MainThread  ] [INFO] Found unique URL #4: https://www.login.gov/help/
2024-04-12 18:54:36,983 [MainThread  ] [INFO] Found unique URL #5: https://www.login.gov/what-is-login/
2024-04-12 18:54:36,983 [MainThread  ] [INFO] Duplicate URL found: https://secure.login.gov/
2024-04-12 18:54:36,983 [MainThread  ] [INFO] Found unique URL #6: https://www.clientam.com/sso/Login?partnerID=lynxbroker_mig
2024-04-12 18:54:36,983 [MainThread  ] [INFO] Found unique URL #7: https://www.office.com/
2024-04-12 18:54:36,983 [MainThread  ] [INFO] Found unique URL #8: https://www.office.com/?ms.officeurl=webapps
2024-04-12 18:54:36,983 [MainThread  ] [INFO] Found unique URL #9: https://www.office.com/?ref=login
2024-04-12 18:54:36,983 [MainThread  ] [INFO] Found unique URL #10: https://outlook.office.com/mail/sentitems/
2024-04-12 18:54:36,983 [MainThread  ] [INFO] Found unique URL #11: https://outlook.office.com/calendar/view/month
2024-04-12 18:54:36,983 [MainThread  ] [INFO] Found unique URL #12: https://en.wikipedia.org/wiki/Login
2024-04-12 18:54:36,983 [MainThread  ] [INFO] Found unique URL #13: https://en.wikipedia.org/wiki/Login_session
2024-04-12 18:54:36,983 [MainThread  ] [INFO] Found unique URL #14: https://en.wikipedia.org/wiki/Login_(disambiguation)
2024-04-12 18:54:36,983 [MainThread  ] [INFO] Found unique URL #15: https://en.wikipedia.org/wiki/Social_login
2024-04-12 18:54:36,983 [MainThread  ] [INFO] Found unique URL #16: https://en.wikipedia.org/wiki/Login_spoofing
2024-04-12 18:54:36,983 [MainThread  ] [INFO] Found unique URL #17: https://www.dictionary.com/browse/login
2024-04-12 18:54:36,983 [MainThread  ] [INFO] Found unique URL #18: https://www.instagram.com/accounts/login/
2024-04-12 18:54:36,983 [MainThread  ] [INFO] Found unique URL #19: https://client.schwab.com/
2024-04-12 18:54:36,983 [MainThread  ] [INFO] Found unique URL #20: https://login.salesforce.com/
2024-04-12 18:55:19,868 [MainThread  ] [INFO] Requesting URL: https://www.google.com/
2024-04-12 18:55:22,146 [MainThread  ] [INFO] Stats: start=0, num=100, total_valid_links_found=0 / max_search_result_urls_to_return=10
2024-04-12 18:55:22,146 [MainThread  ] [INFO] Requesting URL: https://www.google.com/search?hl=en&lr=lang_en&q=site%3Abaidu.com&num=100&btnG=Google+Search&tbs=li:1&safe=off&cr=&filter=0
2024-04-12 18:55:23,607 [MainThread  ] [INFO] Found unique URL #1: https://echarts.baidu.com/echarts2/
2024-04-12 18:55:23,607 [MainThread  ] [INFO] Found unique URL #2: https://nlp.baidu.com/acl2022/
2024-04-12 18:55:23,607 [MainThread  ] [INFO] Found unique URL #3: https://echarts.baidu.com/gallery/
2024-04-12 18:55:23,607 [MainThread  ] [INFO] Found unique URL #4: https://did.baidu.com/
2024-04-12 18:55:23,609 [MainThread  ] [INFO] Found unique URL #5: https://cloud.baidu.com/article/2957748
2024-04-12 18:55:23,609 [MainThread  ] [INFO] Found unique URL #6: https://cloud.baidu.com/article/2955772
2024-04-12 18:55:23,609 [MainThread  ] [INFO] Found unique URL #7: https://cloud.baidu.com/article/2996538
2024-04-12 18:55:23,609 [MainThread  ] [INFO] Found unique URL #8: https://cloud.baidu.com/article/3243954
2024-04-12 18:55:23,609 [MainThread  ] [INFO] Found unique URL #9: https://cloud.baidu.com/article/3261942
2024-04-12 18:55:23,609 [MainThread  ] [INFO] Found unique URL #10: https://cloud.baidu.com/article/3311310
2024-04-12 18:56:17,510 [MainThread  ] [INFO] Requesting URL: https://www.google.com/
2024-04-12 18:56:19,051 [MainThread  ] [INFO] Stats: start=0, num=100, total_valid_links_found=0 / max_search_result_urls_to_return=10
2024-04-12 18:56:19,051 [MainThread  ] [INFO] Requesting URL: https://www.google.com/search?hl=en&lr=lang_en&q=inurl%3Aphp%3Fid%3D&num=100&btnG=Google+Search&tbs=li:1&safe=off&cr=&filter=0
2024-04-12 18:56:26,016 [MainThread  ] [INFO] Found unique URL #1: https://www.php.net/manual/en/function.spl-object-id.php
2024-04-12 18:56:26,016 [MainThread  ] [INFO] Found unique URL #2: https://www.php.net/manual/en/function.uniqid.php
2024-04-12 18:56:26,016 [MainThread  ] [INFO] Found unique URL #3: https://stackoverflow.com/questions/61934145/php-id-with-counter-and-save-file
2024-04-12 18:56:26,022 [MainThread  ] [INFO] Found unique URL #4: http://www.eufores.org/index.php?id=131
2024-04-12 18:56:26,022 [MainThread  ] [INFO] Found unique URL #5: https://stackoverflow.com/questions/37575656/php-passing-id-in-href
2024-04-12 18:56:26,022 [MainThread  ] [INFO] Found unique URL #6: https://www.unix.com/shell-programming-and-scripting/10649-php-page-php-id.html
2024-04-12 18:56:26,022 [MainThread  ] [INFO] Found unique URL #7: https://www.w3schools.com/php/php_mysql_insert_lastid.asp
2024-04-12 18:56:26,022 [MainThread  ] [INFO] Found unique URL #8: https://www.php.net/manual/en/mysqli.insert-id.php
2024-04-12 18:56:26,022 [MainThread  ] [INFO] Found unique URL #9: https://dyozone.com/php-id-1/
2024-04-12 18:56:26,022 [MainThread  ] [INFO] Found unique URL #10: https://www.eia.gov/tools/faqs/faq.php?id=427&t=3
2024-04-12 18:57:18,447 [MainThread  ] [INFO] Requesting URL: https://www.google.com/
2024-04-12 18:57:20,636 [MainThread  ] [INFO] Stats: start=0, num=100, total_valid_links_found=0 / max_search_result_urls_to_return=10
2024-04-12 18:57:20,637 [MainThread  ] [INFO] Requesting URL: https://www.google.com/search?hl=en&lr=lang_en&q=intitle%3ALogin&num=100&btnG=Google+Search&tbs=li:1&safe=off&cr=&filter=0
2024-04-12 18:57:25,052 [MainThread  ] [INFO] Found unique URL #1: https://www.login.gov/
2024-04-12 18:57:25,053 [MainThread  ] [INFO] Found unique URL #2: https://secure.login.gov/
2024-04-12 18:57:25,053 [MainThread  ] [INFO] Found unique URL #3: https://www.clientam.com/sso/Login?partnerID=lynxbroker_mig
2024-04-12 18:57:25,053 [MainThread  ] [INFO] Found unique URL #4: https://www.office.com/
2024-04-12 18:57:25,053 [MainThread  ] [INFO] Found unique URL #5: https://en.wikipedia.org/wiki/Login
2024-04-12 18:57:25,054 [MainThread  ] [INFO] Found unique URL #6: https://en.wikipedia.org/wiki/Login_session
2024-04-12 18:57:25,054 [MainThread  ] [INFO] Found unique URL #7: https://en.wikipedia.org/wiki/Login_(disambiguation)
2024-04-12 18:57:25,054 [MainThread  ] [INFO] Found unique URL #8: https://en.wikipedia.org/wiki/Social_login
2024-04-12 18:57:25,054 [MainThread  ] [INFO] Found unique URL #9: https://en.wikipedia.org/wiki/Login_spoofing
2024-04-12 18:57:25,055 [MainThread  ] [INFO] Found unique URL #10: https://www.dictionary.com/browse/login
2024-04-12 18:58:46,995 [MainThread  ] [INFO] Requesting URL: https://www.google.com/
2024-04-12 18:58:48,414 [MainThread  ] [INFO] Stats: start=0, num=100, total_valid_links_found=0 / max_search_result_urls_to_return=5
2024-04-12 18:58:48,415 [MainThread  ] [INFO] Requesting URL: https://www.google.com/search?hl=en&lr=lang_en&q=site%3Abaidu.com&num=100&btnG=Google+Search&tbs=li:1&safe=off&cr=&filter=0
2024-04-12 18:58:49,870 [MainThread  ] [INFO] Found unique URL #1: https://echarts.baidu.com/echarts2/
2024-04-12 18:58:49,871 [MainThread  ] [INFO] Found unique URL #2: https://nlp.baidu.com/acl2022/
2024-04-12 18:58:49,871 [MainThread  ] [INFO] Found unique URL #3: https://echarts.baidu.com/gallery/
2024-04-12 18:58:49,871 [MainThread  ] [INFO] Found unique URL #4: https://did.baidu.com/
2024-04-12 18:58:49,871 [MainThread  ] [INFO] Found unique URL #5: https://cloud.baidu.com/article/2957748
2024-04-12 18:59:33,387 [MainThread  ] [INFO] Requesting URL: https://www.google.com/
2024-04-12 18:59:36,565 [MainThread  ] [INFO] Stats: start=0, num=100, total_valid_links_found=0 / max_search_result_urls_to_return=5
2024-04-12 18:59:36,566 [MainThread  ] [INFO] Requesting URL: https://www.google.com/search?hl=en&lr=lang_en&q=inurl%3Aphp%3Fid%3D&num=100&btnG=Google+Search&tbs=li:1&safe=off&cr=&filter=0
2024-04-12 18:59:40,444 [MainThread  ] [INFO] Found unique URL #1: https://www.php.net/manual/en/function.spl-object-id.php
2024-04-12 18:59:40,444 [MainThread  ] [INFO] Found unique URL #2: https://www.php.net/manual/en/function.uniqid.php
2024-04-12 18:59:40,444 [MainThread  ] [INFO] Found unique URL #3: https://stackoverflow.com/questions/61934145/php-id-with-counter-and-save-file
2024-04-12 18:59:40,445 [MainThread  ] [INFO] Found unique URL #4: http://www.eufores.org/index.php?id=131
2024-04-12 18:59:40,445 [MainThread  ] [INFO] Found unique URL #5: https://stackoverflow.com/questions/37575656/php-passing-id-in-href
2024-04-12 19:00:23,961 [MainThread  ] [INFO] Requesting URL: https://www.google.com/
2024-04-12 19:00:25,712 [MainThread  ] [INFO] Stats: start=0, num=100, total_valid_links_found=0 / max_search_result_urls_to_return=5
2024-04-12 19:00:25,713 [MainThread  ] [INFO] Requesting URL: https://www.google.com/search?hl=en&lr=lang_en&q=intitle%3ALogin&num=100&btnG=Google+Search&tbs=li:1&safe=off&cr=&filter=0
2024-04-12 19:00:32,360 [MainThread  ] [WARNING] Google is blocking your IP for making too many requests in a specific time period.
2024-04-12 19:00:32,360 [MainThread  ] [INFO] Sleeping for 60 minutes...
2024-04-12 19:07:56,884 [MainThread  ] [INFO] Requesting URL: https://www.google.com/
2024-04-12 19:08:00,768 [MainThread  ] [INFO] Stats: start=0, num=100, total_valid_links_found=0 / max_search_result_urls_to_return=5
2024-04-12 19:08:00,768 [MainThread  ] [INFO] Requesting URL: https://www.google.com/search?hl=en&lr=lang_en&q=site%3Abaidu.com&num=100&btnG=Google+Search&tbs=li:1&safe=off&cr=&filter=0
2024-04-12 19:08:02,385 [MainThread  ] [WARNING] Google is blocking your IP for making too many requests in a specific time period.
2024-04-12 19:08:02,385 [MainThread  ] [INFO] Sleeping for 60 minutes...
